<?xml version="1.0" encoding="UTF-8"?>
<!-- Generated by org.testng.reporters.JUnitReportReporter -->
<testsuite hostname="Rohits-MacBook-Air.local" failures="0" tests="1" name="TestClass_API.TestCases_API_Inmem" time="11.641" errors="0" timestamp="2023-02-22T17:50:14 IST" skipped="0">
  <testcase classname="TestClass_API.TestCases_API_Inmem" name="Infosys_Ping" time="11.641"/>
  <system-out/>
</testsuite> <!-- TestClass_API.TestCases_API_Inmem -->
