<?xml version="1.0" encoding="UTF-8"?>
<!-- Generated by org.testng.reporters.JUnitReportReporter -->
<testsuite hostname="Rohits-MacBook-Air.local" failures="0" tests="1" name="TestClass_API.TestCases_API_Inmem" time="17.597" errors="0" timestamp="2023-03-18T12:03:08 IST" skipped="0">
  <testcase classname="TestClass_API.TestCases_API_Inmem" name="Infosys_Ping" time="17.597"/>
  <system-out/>
</testsuite> <!-- TestClass_API.TestCases_API_Inmem -->
