<?xml version="1.0" encoding="UTF-8"?>
<!-- Generated by org.testng.reporters.JUnitReportReporter -->
<testsuite hostname="Rohits-MacBook-Air.local" failures="0" tests="1" name="TestClass_API.TestCases_API_Inmem" time="19.590" errors="0" timestamp="2023-02-28T10:13:37 IST" skipped="0">
  <testcase classname="TestClass_API.TestCases_API_Inmem" name="Infosys_Ping" time="19.590"/>
  <system-out/>
</testsuite> <!-- TestClass_API.TestCases_API_Inmem -->
