<?xml version="1.0" encoding="UTF-8"?>
<!-- Generated by org.testng.reporters.JUnitReportReporter -->
<testsuite hostname="Rohits-MacBook-Air.local" failures="0" tests="2" name="API_hourly_testcases.TestClass_API" time="3.216" errors="0" timestamp="2023-02-02T16:48:50 IST" skipped="0">
  <testcase classname="API_hourly_testcases.TestClass_API" name="API_InMemory_E2E_Sch_Month" time="2.270"/>
  <system-out/>
  <testcase classname="API_hourly_testcases.TestClass_API" name="API_InMemory_WWW_Sch_Month" time="0.946"/>
  <system-out/>
</testsuite> <!-- API_hourly_testcases.TestClass_API -->
