<?xml version="1.0" encoding="UTF-8"?>
<!-- Generated by org.testng.reporters.JUnitReportReporter -->
<testsuite hostname="Rohits-MacBook-Air.local" failures="0" tests="1" name="Test_Class.sendmail_encrypt" time="5.227" errors="0" timestamp="2023-03-14T10:19:34 IST" skipped="0">
  <testcase classname="Test_Class.sendmail_encrypt" name="Encryption_mail" time="5.227"/>
  <system-out/>
</testsuite> <!-- Test_Class.sendmail_encrypt -->
