<?xml version="1.0" encoding="UTF-8"?>
<!-- Generated by org.testng.reporters.JUnitReportReporter -->
<testsuite hostname="Rohits-MacBook-Air.local" failures="0" tests="4" name="API_tets" time="7.210" errors="0" timestamp="2022-09-12T16:04:17 IST" skipped="0">
  <testcase classname="API_tets" name="E2E_DB" time="3.615"/>
  <system-out/>
  <testcase classname="API_tets" name="E2E_Inmemory" time="1.376"/>
  <system-out/>
  <testcase classname="API_tets" name="WWW_DB" time="1.005"/>
  <system-out/>
  <testcase classname="API_tets" name="WWW_Inmemory" time="1.214"/>
  <system-out/>
</testsuite> <!-- API_tets -->
